<?xml version="1.0" encoding="UTF-8"?>
<testsuite xmlns:xsi="http://www.w3.org/2001/XMLSchema-instance" xsi:noNamespaceSchemaLocation="https://maven.apache.org/surefire/maven-surefire-plugin/xsd/surefire-test-report-3.0.xsd" version="3.0" name="mydemoapp.MydemoappTest" time="7.87" tests="1" errors="0" skipped="0" failures="1">
  <properties>
[...]
</properties>
  <testcase name="testParallel" classname="mydemoapp.MydemoappTest" time="7.841">
    <failure message="status code was: 200, expected: 201, response time in milliseconds: 2528, url: http://www.dneonline.com/calculator.asmx, response: &#10;&lt;?xml version=&quot;1.0&quot; encoding=&quot;utf-8&quot;?&gt;&lt;soap:Envelope xmlns:soap=&quot;http://www.w3.org/2003/05/soap-envelope&quot; xmlns:xsi=&quot;http://www.w3.org/2001/XMLSchema-instance&quot; xmlns:xsd=&quot;http://www.w3.org/2001/XMLSchema&quot;&gt;&lt;soap:Body&gt;&lt;AddResponse xmlns=&quot;http://tempuri.org/&quot;&gt;&lt;AddResult&gt;15&lt;/AddResult&gt;&lt;/AddResponse&gt;&lt;/soap:Body&gt;&lt;/soap:Envelope&gt;&#10;classpath:mydemoapp/features/soapExtended.feature:13 ==&gt; expected: &lt;0&gt; but was: &lt;1&gt;" type="org.opentest4j.AssertionFailedError"><![CDATA[org.opentest4j.AssertionFailedError: 
status code was: 200, expected: 201, response time in milliseconds: 2528, url: http://www.dneonline.com/calculator.asmx, response: 
<?xml version="1.0" encoding="utf-8"?><soap:Envelope xmlns:soap="http://www.w3.org/2003/05/soap-envelope" xmlns:xsi="http://www.w3.org/2001/XMLSchema-instance" xmlns:xsd="http://www.w3.org/2001/XMLSchema"><soap:Body><AddResponse xmlns="http://tempuri.org/"><AddResult>15</AddResult></AddResponse></soap:Body></soap:Envelope>
classpath:mydemoapp/features/soapExtended.feature:13 ==> expected: <0> but was: <1>
	at org.junit.jupiter.api.AssertionFailureBuilder.build(AssertionFailureBuilder.java:151)
	at org.junit.jupiter.api.AssertionFailureBuilder.buildAndThrow(AssertionFailureBuilder.java:132)
	at org.junit.jupiter.api.AssertEquals.failNotEqual(AssertEquals.java:197)
	at org.junit.jupiter.api.AssertEquals.assertEquals(AssertEquals.java:150)
	at org.junit.jupiter.api.Assertions.assertEquals(Assertions.java:563)
	at mydemoapp.MydemoappTest.testParallel(Runner.java:25)
	at java.base/java.lang.reflect.Method.invoke(Method.java:568)
	at java.base/java.util.ArrayList.forEach(ArrayList.java:1511)
	at java.base/java.util.ArrayList.forEach(ArrayList.java:1511)
]]></failure>
    <system-out><![CDATA[19:04:10.615 [main] DEBUG com.intuit.karate.Suite - [config] classpath:karate-config.js
19:04:10.624 [main] DEBUG com.intuit.karate.Suite - waiting for 2 features to complete
19:04:11.859 [pool-2-thread-2] INFO  com.intuit.karate - karate.env system property was: null 
19:04:11.859 [pool-2-thread-1] INFO  com.intuit.karate - karate.env system property was: null 
19:04:12.413 [pool-2-thread-2] DEBUG com.intuit.karate - request:
1 > POST http://www.dneonline.com/calculator.asmx
1 > Content-Type: application/soap+xml; charset=utf-8
1 > Content-Length: 322
1 > Host: www.dneonline.com
1 > Connection: Keep-Alive
1 > User-Agent: Apache-HttpClient/4.5.14 (Java/17.0.4.1)
1 > Accept-Encoding: gzip,deflate
<soap12:Envelope xmlns:soap12="http://www.w3.org/2003/05/soap-envelope" xmlns:xsd="http://www.w3.org/2001/XMLSchema" xmlns:xsi="http://www.w3.org/2001/XMLSchema-instance">
  <soap12:Body>
    <Add xmlns="http://tempuri.org/">
      <intA>10</intA>
      <intB>5</intB>
    </Add>
  </soap12:Body>
</soap12:Envelope>

19:04:12.413 [pool-2-thread-1] DEBUG com.intuit.karate - request:
1 > POST https://www.dataaccess.com/webservicesserver/numberconversion.wso
1 > SOAPAction: MySoapRequest
1 > Content-Type: text/xml; charset=UTF-8
1 > Content-Length: 242
1 > Host: www.dataaccess.com
1 > Connection: Keep-Alive
1 > User-Agent: Apache-HttpClient/4.5.14 (Java/17.0.4.1)
1 > Accept-Encoding: gzip,deflate
<soap:Envelope xmlns:soap="http://schemas.xmlsoap.org/soap/envelope/">
  <soap:Body>
    <NumberToDollars xmlns="http://www.dataaccess.com/webservicesserver/">
      <dNum>39</dNum>
    </NumberToDollars>
  </soap:Body>
</soap:Envelope>

19:04:14.951 [pool-2-thread-2] DEBUG com.intuit.karate - response time in milliseconds: 2528
1 < 200
1 < Cache-Control: private, max-age=0
1 < Content-Type: application/soap+xml; charset=utf-8
1 < Server: Microsoft-IIS/10.0
1 < X-AspNet-Version: 2.0.50727
1 < X-Powered-By: ASP.NET
1 < X-Powered-By-Plesk: PleskWin
1 < Date: Tue, 11 Feb 2025 18:04:14 GMT
1 < Content-Length: 324
<?xml version="1.0" encoding="utf-8"?><soap:Envelope xmlns:soap="http://www.w3.org/2003/05/soap-envelope" xmlns:xsi="http://www.w3.org/2001/XMLSchema-instance" xmlns:xsd="http://www.w3.org/2001/XMLSchema"><soap:Body><AddResponse xmlns="http://tempuri.org/"><AddResult>15</AddResult></AddResponse></soap:Body></soap:Envelope>

19:04:14.975 [pool-2-thread-2] ERROR com.intuit.karate - classpath:mydemoapp/features/soapExtended.feature:13
Then status 201
status code was: 200, expected: 201, response time in milliseconds: 2528, url: http://www.dneonline.com/calculator.asmx, response: 
<?xml version="1.0" encoding="utf-8"?><soap:Envelope xmlns:soap="http://www.w3.org/2003/05/soap-envelope" xmlns:xsi="http://www.w3.org/2001/XMLSchema-instance" xmlns:xsd="http://www.w3.org/2001/XMLSchema"><soap:Body><AddResponse xmlns="http://tempuri.org/"><AddResult>15</AddResult></AddResponse></soap:Body></soap:Envelope>
classpath:mydemoapp/features/soapExtended.feature:13
19:04:15.333 [pool-2-thread-1] DEBUG com.intuit.karate - response time in milliseconds: 2915
1 < 200
1 < Cache-Control: private, max-age=0
1 < Content-Type: text/xml; charset=utf-8
1 < Vary: Accept-Encoding
1 < Server: Server
1 < Web-Service: DataFlex 19.1
1 < X-Powered-By: ASP.NET
1 < Access-Control-Allow-Origin: *
1 < Referrer-Policy: strict-origin-when-cross-origin
1 < Content-Security-Policy: default-src * data: 'unsafe-inline' 'unsafe-eval'; form-action 'self'; frame-ancestors 'self';
1 < Strict-Transport-Security: max-age=15768000;includeSubdomains
1 < X-Content-Type-Options: nosniff
1 < Permissions-Policy: interest-cohort=(); fullscreen=(self)
1 < Date: Tue, 11 Feb 2025 18:04:14 GMT
<?xml version="1.0" encoding="utf-8"?>
<soap:Envelope xmlns:soap="http://schemas.xmlsoap.org/soap/envelope/">
  <soap:Body>
    <m:NumberToDollarsResponse xmlns:m="http://www.dataaccess.com/webservicesserver/">
      <m:NumberToDollarsResult>thirty nine dollars</m:NumberToDollarsResult>
    </m:NumberToDollarsResponse>
  </soap:Body>
</soap:Envelope>

19:04:15.333 [pool-2-thread-1] INFO  com.intuit.karate - [print] 
 <soap:Envelope xmlns:soap="http://schemas.xmlsoap.org/soap/envelope/">
    
  <soap:Body>
        
    <m:NumberToDollarsResponse xmlns:m="http://www.dataaccess.com/webservicesserver/">
            
      <m:NumberToDollarsResult>thirty nine dollars</m:NumberToDollarsResult>
          
    </m:NumberToDollarsResponse>
      
  </soap:Body>
  
</soap:Envelope>
 
19:04:15.369 [pool-2-thread-1] INFO  com.intuit.karate - [print] 
Converted $ value is:  thirty nine dollars 
---------------------------------------------------------
feature: classpath:mydemoapp/features/soapBasic.feature
scenarios:  1 | passed:  1 | failed:  0 | time: 3.4686
---------------------------------------------------------

19:04:16.054 [pool-3-thread-1] INFO  com.intuit.karate.Suite - <<pass>> feature 1 of 2 (1 remaining) classpath:mydemoapp/features/soapBasic.feature
---------------------------------------------------------
feature: classpath:mydemoapp/features/soapExtended.feature
scenarios:  1 | passed:  0 | failed:  1 | time: 3.0708
---------------------------------------------------------

19:04:16.174 [pool-3-thread-1] INFO  com.intuit.karate.Suite - <<fail>> feature 2 of 2 (0 remaining) classpath:mydemoapp/features/soapExtended.feature
Karate version: 1.5.0
======================================================
elapsed:   6.45 | threads:    5 | thread time: 6.54 
features:     2 | skipped:    0 | efficiency: 0.20
scenarios:    2 | passed:     1 | failed: 1
======================================================
>>> failed features:
status code was: 200, expected: 201, response time in milliseconds: 2528, url: http://www.dneonline.com/calculator.asmx, response: 
<?xml version="1.0" encoding="utf-8"?><soap:Envelope xmlns:soap="http://www.w3.org/2003/05/soap-envelope" xmlns:xsi="http://www.w3.org/2001/XMLSchema-instance" xmlns:xsd="http://www.w3.org/2001/XMLSchema"><soap:Body><AddResponse xmlns="http://tempuri.org/"><AddResult>15</AddResult></AddResponse></soap:Body></soap:Envelope>
classpath:mydemoapp/features/soapExtended.feature:13
<<<

HTML report: (paste into browser to view) | Karate version: 1.5.0
file:///C:/Zico/Study/My_Note/Testing/KarateAPITesting/Code/myProject5_cucumber_report/target/karate-reports/karate-summary.html
===================================================================

]]></system-out>
    <system-err><![CDATA[Feb 11, 2025 7:04:16 PM net.masterthought.cucumber.ReportParser parseJsonFiles
INFO: File 'C:\Zico\Study\My_Note\Testing\KarateAPITesting\Code\myProject5_cucumber_report\target\karate-reports\mydemoapp.features.soapBasic.json' contains 1 feature(s)
Feb 11, 2025 7:04:16 PM net.masterthought.cucumber.ReportParser parseJsonFiles
INFO: File 'C:\Zico\Study\My_Note\Testing\KarateAPITesting\Code\myProject5_cucumber_report\target\karate-reports\mydemoapp.features.soapExtended.json' contains 1 feature(s)
]]></system-err>
  </testcase>
</testsuite>