<?xml version="1.0" encoding="UTF-8"?>
<testsuite xmlns:xsi="http://www.w3.org/2001/XMLSchema-instance" xsi:noNamespaceSchemaLocation="https://maven.apache.org/surefire/maven-surefire-plugin/xsd/surefire-test-report-3.0.xsd" version="3.0" name="mydemoapp.MydemoappTest" time="6.453" tests="1" errors="0" skipped="0" failures="0">
  <properties>
[...]
</properties>
  <testcase name="testParallel" classname="mydemoapp.MydemoappTest" time="6.412">
    <system-out><![CDATA[13:14:39.232 [main] DEBUG com.intuit.karate.Suite - [config] classpath:karate-config.js
13:14:39.248 [main] DEBUG com.intuit.karate.Suite - waiting for 2 features to complete
13:14:40.733 [pool-2-thread-1] INFO  com.intuit.karate - karate.env system property was: null 
13:14:40.733 [pool-2-thread-2] INFO  com.intuit.karate - karate.env system property was: null 
13:14:41.285 [pool-2-thread-2] DEBUG com.intuit.karate - request:
1 > POST http://www.dneonline.com/calculator.asmx
1 > Content-Type: application/soap+xml; charset=utf-8
1 > Content-Length: 322
1 > Host: www.dneonline.com
1 > Connection: Keep-Alive
1 > User-Agent: Apache-HttpClient/4.5.14 (Java/17.0.4.1)
1 > Accept-Encoding: gzip,deflate
<soap12:Envelope xmlns:soap12="http://www.w3.org/2003/05/soap-envelope" xmlns:xsd="http://www.w3.org/2001/XMLSchema" xmlns:xsi="http://www.w3.org/2001/XMLSchema-instance">
  <soap12:Body>
    <Add xmlns="http://tempuri.org/">
      <intA>10</intA>
      <intB>5</intB>
    </Add>
  </soap12:Body>
</soap12:Envelope>

13:14:41.285 [pool-2-thread-1] DEBUG com.intuit.karate - request:
1 > POST https://www.dataaccess.com/webservicesserver/numberconversion.wso
1 > SOAPAction: MySoapRequest
1 > Content-Type: text/xml; charset=UTF-8
1 > Content-Length: 242
1 > Host: www.dataaccess.com
1 > Connection: Keep-Alive
1 > User-Agent: Apache-HttpClient/4.5.14 (Java/17.0.4.1)
1 > Accept-Encoding: gzip,deflate
<soap:Envelope xmlns:soap="http://schemas.xmlsoap.org/soap/envelope/">
  <soap:Body>
    <NumberToDollars xmlns="http://www.dataaccess.com/webservicesserver/">
      <dNum>39</dNum>
    </NumberToDollars>
  </soap:Body>
</soap:Envelope>

13:14:42.757 [pool-2-thread-2] DEBUG com.intuit.karate - response time in milliseconds: 1469
1 < 200
1 < Cache-Control: private, max-age=0
1 < Content-Type: application/soap+xml; charset=utf-8
1 < Server: Microsoft-IIS/10.0
1 < X-AspNet-Version: 2.0.50727
1 < X-Powered-By: ASP.NET
1 < X-Powered-By-Plesk: PleskWin
1 < Date: Tue, 11 Feb 2025 12:14:42 GMT
1 < Content-Length: 324
<?xml version="1.0" encoding="utf-8"?><soap:Envelope xmlns:soap="http://www.w3.org/2003/05/soap-envelope" xmlns:xsi="http://www.w3.org/2001/XMLSchema-instance" xmlns:xsd="http://www.w3.org/2001/XMLSchema"><soap:Body><AddResponse xmlns="http://tempuri.org/"><AddResult>15</AddResult></AddResponse></soap:Body></soap:Envelope>

13:14:42.767 [pool-2-thread-2] INFO  com.intuit.karate - [print] 
 <soap:Envelope xmlns:soap="http://www.w3.org/2003/05/soap-envelope" xmlns:xsd="http://www.w3.org/2001/XMLSchema" xmlns:xsi="http://www.w3.org/2001/XMLSchema-instance">
  <soap:Body>
    <AddResponse xmlns="http://tempuri.org/">
      <AddResult>15</AddResult>
    </AddResponse>
  </soap:Body>
</soap:Envelope>
 
13:14:43.121 [pool-2-thread-1] DEBUG com.intuit.karate - response time in milliseconds: 1820
1 < 200
1 < Cache-Control: private, max-age=0
1 < Content-Type: text/xml; charset=utf-8
1 < Vary: Accept-Encoding
1 < Server: Server
1 < Web-Service: DataFlex 19.1
1 < X-Powered-By: ASP.NET
1 < Access-Control-Allow-Origin: *
1 < Referrer-Policy: strict-origin-when-cross-origin
1 < Content-Security-Policy: default-src * data: 'unsafe-inline' 'unsafe-eval'; form-action 'self'; frame-ancestors 'self';
1 < Strict-Transport-Security: max-age=15768000;includeSubdomains
1 < X-Content-Type-Options: nosniff
1 < Permissions-Policy: interest-cohort=(); fullscreen=(self)
1 < Date: Tue, 11 Feb 2025 12:14:42 GMT
<?xml version="1.0" encoding="utf-8"?>
<soap:Envelope xmlns:soap="http://schemas.xmlsoap.org/soap/envelope/">
  <soap:Body>
    <m:NumberToDollarsResponse xmlns:m="http://www.dataaccess.com/webservicesserver/">
      <m:NumberToDollarsResult>thirty nine dollars</m:NumberToDollarsResult>
    </m:NumberToDollarsResponse>
  </soap:Body>
</soap:Envelope>

13:14:43.121 [pool-2-thread-1] INFO  com.intuit.karate - [print] 
 <soap:Envelope xmlns:soap="http://schemas.xmlsoap.org/soap/envelope/">
    
  <soap:Body>
        
    <m:NumberToDollarsResponse xmlns:m="http://www.dataaccess.com/webservicesserver/">
            
      <m:NumberToDollarsResult>thirty nine dollars</m:NumberToDollarsResult>
          
    </m:NumberToDollarsResponse>
      
  </soap:Body>
  
</soap:Envelope>
 
13:14:43.155 [pool-2-thread-1] INFO  com.intuit.karate - [print] 
Converted $ value is:  thirty nine dollars 
---------------------------------------------------------
feature: classpath:mydemoapp/features/soapBasic.feature
scenarios:  1 | passed:  1 | failed:  0 | time: 2.3785
---------------------------------------------------------

13:14:43.998 [pool-3-thread-1] INFO  com.intuit.karate.Suite - <<pass>> feature 1 of 2 (1 remaining) classpath:mydemoapp/features/soapBasic.feature
---------------------------------------------------------
feature: classpath:mydemoapp/features/soapExtended.feature
scenarios:  1 | passed:  1 | failed:  0 | time: 2.0121
---------------------------------------------------------

13:14:44.085 [pool-3-thread-1] INFO  com.intuit.karate.Suite - <<pass>> feature 2 of 2 (0 remaining) classpath:mydemoapp/features/soapExtended.feature
Karate version: 1.5.0
======================================================
elapsed:   5.74 | threads:    5 | thread time: 4.39 
features:     2 | skipped:    0 | efficiency: 0.15
scenarios:    2 | passed:     2 | failed: 0
======================================================

HTML report: (paste into browser to view) | Karate version: 1.5.0
file:///C:/Zico/Study/My_Note/Testing/KarateAPITesting/Code/myProject4/target/karate-reports/karate-summary.html
===================================================================

]]></system-out>
  </testcase>
</testsuite>