<?xml version="1.0" encoding="UTF-8"?>
<testsuite xmlns:xsi="http://www.w3.org/2001/XMLSchema-instance" xsi:noNamespaceSchemaLocation="https://maven.apache.org/surefire/maven-surefire-plugin/xsd/surefire-test-report-3.0.xsd" version="3.0" name="mydemoapp.MydemoappTest" time="4.398" tests="1" errors="0" skipped="0" failures="0">
  <properties>
[...]
</properties>
  <testcase name="testParallel" classname="mydemoapp.MydemoappTest" time="4.373">
    <system-out><![CDATA[20:24:33.941 [main] INFO  com.intuit.karate.Runner - using system property 'karate.options': --tags @schema
20:24:34.937 [main] DEBUG com.intuit.karate.Suite - [config] classpath:karate-config.js
20:24:34.946 [main] DEBUG com.intuit.karate.Suite - waiting for 4 features to complete
20:24:36.296 [pool-2-thread-1] INFO  com.intuit.karate - karate.env system property was: null 
20:24:36.615 [pool-2-thread-1] DEBUG com.intuit.karate - request:
1 > GET https://reqres.in/api/users/2
1 > Host: reqres.in
1 > Connection: Keep-Alive
1 > User-Agent: Apache-HttpClient/4.5.14 (Java/17.0.4.1)
1 > Accept-Encoding: gzip,deflate


20:24:36.989 [pool-2-thread-1] DEBUG com.intuit.karate - response time in milliseconds: 368
1 < 200
1 < Date: Thu, 31 Oct 2024 19:24:36 GMT
1 < Content-Type: application/json; charset=utf-8
1 < Transfer-Encoding: chunked
1 < Connection: keep-alive
1 < Report-To: {"group":"heroku-nel","max_age":3600,"endpoints":[{"url":"https://nel.heroku.com/reports?ts=1730377732&sid=c4c9725f-1ab0-44d8-820f-430df2718e11&s=L0dtzOcmNRUWAGRWb0zqmckkKFg2lsiz9JlGJo%2Bfl%2Fg%3D"}]}
1 < Reporting-Endpoints: heroku-nel=https://nel.heroku.com/reports?ts=1730377732&sid=c4c9725f-1ab0-44d8-820f-430df2718e11&s=L0dtzOcmNRUWAGRWb0zqmckkKFg2lsiz9JlGJo%2Bfl%2Fg%3D
1 < Nel: {"report_to":"heroku-nel","max_age":3600,"success_fraction":0.005,"failure_fraction":0.05,"response_headers":["Via"]}
1 < X-Powered-By: Express
1 < Access-Control-Allow-Origin: *
1 < Etag: W/"118-pbdwwFo9SKNhD3Lx5iHJyngpq00"
1 < Via: 1.1 vegur
1 < Cache-Control: max-age=14400
1 < CF-Cache-Status: HIT
1 < Age: 2882
1 < Vary: Accept-Encoding
1 < Server: cloudflare
1 < CF-RAY: 8db606b98f8862cb-HAM
{"data":{"id":2,"email":"janet.weaver@reqres.in","first_name":"Janet","last_name":"Weaver","avatar":"https://reqres.in/img/faces/2-image.jpg"},"support":{"url":"https://reqres.in/#support-heading","text":"To keep ReqRes free, contributions towards server costs are appreciated!"}}

---------------------------------------------------------
feature: classpath:mydemoapp/features/jsonSchemaValidator.feature
scenarios:  1 | passed:  1 | failed:  0 | time: 0.6937
---------------------------------------------------------

20:24:37.715 [pool-3-thread-1] INFO  com.intuit.karate.Suite - <<pass>> feature 3 of 4 (1 remaining) classpath:mydemoapp/features/jsonSchemaValidator.feature
Karate version: 1.5.0
======================================================
elapsed:   3.80 | threads:    5 | thread time: 0.69 
features:     1 | skipped:    3 | efficiency: 0.04
scenarios:    1 | passed:     1 | failed: 0
======================================================

HTML report: (paste into browser to view) | Karate version: 1.5.0
file:///C:/Zico/Study/My_Note/Testing/KarateAPITesting/Code/myProject3/target/karate-reports/karate-summary.html
===================================================================

]]></system-out>
  </testcase>
</testsuite>